<?xml version="1.0" encoding="UTF-8"?>
<testsuite name="pact.GetHelloWorldTest" tests="2" skipped="0" failures="0" errors="0" timestamp="2019-02-02T07:49:15" hostname="Jayachandrans-MacBook-Pro.local" time="0.874">
  <properties/>
  <testcase name="shouldGetSalery" classname="pact.GetHelloWorldTest" time="0.8"/>
  <testcase name="shouldGetEmployees" classname="pact.GetHelloWorldTest" time="0.074"/>
  <system-out><![CDATA[]]></system-out>
  <system-err><![CDATA[SLF4J: Failed to load class "org.slf4j.impl.StaticLoggerBinder".
SLF4J: Defaulting to no-operation (NOP) logger implementation
SLF4J: See http://www.slf4j.org/codes.html#StaticLoggerBinder for further details.
]]></system-err>
</testsuite>
